Copyright 1986-2018 Xilinx, Inc. All Rights Reserved.
----------------------------------------------------------------------------------------------------------------------------------------------------------------------
| Tool Version     : Vivado v.2018.3 (lin64) Build 2405991 Thu Dec  6 23:36:41 MST 2018
| Date             : Mon Feb 10 12:32:35 2020
| Host             : puja-MS-7B48 running 64-bit Ubuntu 18.04.3 LTS
| Command          : report_power -file design_1_wrapper_power_routed.rpt -pb design_1_wrapper_power_summary_routed.pb -rpx design_1_wrapper_power_routed.rpx
| Design           : design_1_wrapper
| Device           : xczu21dr-ffvd1156-2-e
| Design State     : routed
| Grade            : extended
| Process          : typical
| Characterization : Production
----------------------------------------------------------------------------------------------------------------------------------------------------------------------

Power Report

Table of Contents
-----------------
1. Summary
1.1 On-Chip Components
1.2 Power Supply Summary
1.3 Confidence Level
2. Settings
2.1 Environment
2.2 Clock Constraints
3. Detailed Reports
3.1 By Hierarchy

1. Summary
----------

+--------------------------+--------------+
| Total On-Chip Power (W)  | 4.230        |
| Design Power Budget (W)  | Unspecified* |
| Power Budget Margin (W)  | NA           |
| Dynamic (W)              | 3.148        |
| Device Static (W)        | 1.082        |
| Effective TJA (C/W)      | 1.0          |
| Max Ambient (C)          | 95.9         |
| Junction Temperature (C) | 29.1         |
| Confidence Level         | Medium       |
| Setting File             | ---          |
| Simulation Activity File | ---          |
| Design Nets Matched      | NA           |
+--------------------------+--------------+
* Specify Design Power Budget using, set_operating_conditions -design_power_budget <value in Watts>


1.1 On-Chip Components
----------------------

+--------------------------+-----------+----------+-----------+-----------------+
| On-Chip                  | Power (W) | Used     | Available | Utilization (%) |
+--------------------------+-----------+----------+-----------+-----------------+
| Clocks                   |     0.197 |        4 |       --- |             --- |
| CLB Logic                |     0.132 |   166369 |       --- |             --- |
|   LUT as Logic           |     0.075 |    64466 |    425280 |           15.16 |
|   LUT as Distributed RAM |     0.039 |    10314 |    213600 |            4.83 |
|   LUT as Shift Register  |     0.012 |     2925 |    213600 |            1.37 |
|   Register               |     0.005 |    62540 |    850560 |            7.35 |
|   CARRY8                 |    <0.001 |      877 |     53160 |            1.65 |
|   BUFG                   |    <0.001 |        9 |        64 |           14.06 |
|   Others                 |     0.000 |     4113 |       --- |             --- |
|   F7/F8 Muxes            |     0.000 |     4660 |    425280 |            1.10 |
| Signals                  |     0.132 |   117830 |       --- |             --- |
| Block RAM                |     0.278 |    590.5 |      1080 |           54.68 |
| PS8                      |     2.410 |        1 |       --- |             --- |
| Static Power             |     1.082 |          |           |                 |
|   PS Static              |     0.100 |          |           |                 |
|   PL Static              |     0.982 |          |           |                 |
| Total                    |     4.230 |          |           |                 |
+--------------------------+-----------+----------+-----------+-----------------+


1.2 Power Supply Summary
------------------------

+-----------------+-------------+-----------+-------------+------------+
| Source          | Voltage (V) | Total (A) | Dynamic (A) | Static (A) |
+-----------------+-------------+-----------+-------------+------------+
| Vccint          |       0.850 |     1.161 |       0.842 |      0.319 |
| Vccint_io       |       0.850 |     0.071 |       0.000 |      0.071 |
| Vccbram         |       0.850 |     0.031 |       0.026 |      0.005 |
| Vccaux          |       1.800 |     0.279 |       0.000 |      0.279 |
| Vccaux_io       |       1.800 |     0.058 |       0.000 |      0.058 |
| Vcco33          |       3.300 |     0.000 |       0.000 |      0.000 |
| Vcco25          |       2.500 |     0.000 |       0.000 |      0.000 |
| Vcco18          |       1.800 |     0.000 |       0.000 |      0.000 |
| Vcco15          |       1.500 |     0.000 |       0.000 |      0.000 |
| Vcco135         |       1.350 |     0.000 |       0.000 |      0.000 |
| Vcco12          |       1.200 |     0.000 |       0.000 |      0.000 |
| Vcco10          |       1.000 |     0.000 |       0.000 |      0.000 |
| Vccadc          |       1.800 |     0.008 |       0.000 |      0.008 |
| VCC_PSINTFP     |       0.850 |     0.967 |       0.932 |      0.035 |
| VCC_PSINTLP     |       0.850 |     0.252 |       0.245 |      0.007 |
| VPS_MGTRAVCC    |       0.850 |     0.001 |       0.000 |      0.001 |
| VCC_PSINTFP_DDR |       0.850 |     0.701 |       0.696 |      0.004 |
| VCC_PSPLL       |       1.200 |     0.070 |       0.068 |      0.002 |
| VPS_MGTRAVTT    |       1.800 |     0.001 |       0.000 |      0.001 |
| VCCO_PSDDR_504  |       1.200 |     0.626 |       0.592 |      0.034 |
| VCC_PSAUX       |       1.800 |     0.002 |       0.000 |      0.002 |
| VCC_PSBATT      |       1.200 |     0.000 |       0.000 |      0.000 |
| VCC_PSDDR_PLL   |       1.800 |     0.012 |       0.011 |      0.001 |
| VCCO_PSIO0_500  |       1.800 |     0.001 |       0.000 |      0.001 |
| VCCO_PSIO1_501  |       3.300 |     0.002 |       0.001 |      0.001 |
| VCCO_PSIO2_502  |       3.300 |     0.001 |       0.000 |      0.001 |
| VCCO_PSIO3_503  |       1.800 |     0.001 |       0.000 |      0.001 |
| VCC_PSADC       |       1.800 |     0.002 |       0.000 |      0.002 |
| VCCSDFEC        |       0.850 |     0.030 |       0.000 |      0.030 |
| MGTYAVcc        |       0.900 |     0.000 |       0.000 |      0.000 |
| MGTYAVtt        |       1.200 |     0.000 |       0.000 |      0.000 |
| MGTYVccaux      |       1.800 |     0.000 |       0.000 |      0.000 |
+-----------------+-------------+-----------+-------------+------------+


1.3 Confidence Level
--------------------

+-----------------------------+------------+------------------------------------------------+------------------------------------------------------------------------------------------------------------+
| User Input Data             | Confidence | Details                                        | Action                                                                                                     |
+-----------------------------+------------+------------------------------------------------+------------------------------------------------------------------------------------------------------------+
| Design implementation state | High       | Design is routed                               |                                                                                                            |
| Clock nodes activity        | High       | User specified more than 95% of clocks         |                                                                                                            |
| I/O nodes activity          | High       | User specified more than 95% of inputs         |                                                                                                            |
| Internal nodes activity     | Medium     | User specified less than 25% of internal nodes | Provide missing internal nodes activity with simulation results or by editing the "By Resource Type" views |
| Device models               | High       | Device models are Production                   |                                                                                                            |
|                             |            |                                                |                                                                                                            |
| Overall confidence level    | Medium     |                                                |                                                                                                            |
+-----------------------------+------------+------------------------------------------------+------------------------------------------------------------------------------------------------------------+


2. Settings
-----------

2.1 Environment
---------------

+-----------------------+--------------------------+
| Ambient Temp (C)      | 25.0                     |
| ThetaJA (C/W)         | 1.0                      |
| Airflow (LFM)         | 250                      |
| Heat Sink             | medium (Medium Profile)  |
| ThetaSA (C/W)         | 1.5                      |
| Board Selection       | medium (10"x10")         |
| # of Board Layers     | 12to15 (12 to 15 Layers) |
| Board Temperature (C) | 25.0                     |
+-----------------------+--------------------------+


2.2 Clock Constraints
---------------------

+-----------------------------------------------------------------------------------------------------+-------------------------------------------------------------------+-----------------+
| Clock                                                                                               | Domain                                                            | Constraint (ns) |
+-----------------------------------------------------------------------------------------------------+-------------------------------------------------------------------+-----------------+
| clk_pl_0                                                                                            | design_1_i/zynq_ultra_ps_e_0/inst/pl_clk_unbuffered[0]            |            10.3 |
| dbg_hub/inst/BSCANID.u_xsdbm_id/SWITCH_N_EXT_BSCAN.bscan_inst/SERIES7_BSCAN.bscan_inst/INTERNAL_TCK | dbg_hub/inst/BSCANID.u_xsdbm_id/SWITCH_N_EXT_BSCAN.bscan_inst/in0 |            50.0 |
+-----------------------------------------------------------------------------------------------------+-------------------------------------------------------------------+-----------------+


3. Detailed Reports
-------------------

3.1 By Hierarchy
----------------

+--------------------------+-----------+
| Name                     | Power (W) |
+--------------------------+-----------+
| design_1_wrapper         |     3.148 |
|   dbg_hub                |     0.002 |
|     inst                 |     0.002 |
|       BSCANID.u_xsdbm_id |     0.002 |
|   design_1_i             |     3.146 |
|     axi_traffic_gen_0    |     0.003 |
|       inst               |     0.003 |
|     dec                  |     0.263 |
|       inst               |     0.263 |
|     demodulation_0       |     0.003 |
|       inst               |     0.003 |
|     enc                  |     0.075 |
|       inst               |     0.075 |
|     modulation_0         |     0.003 |
|       inst               |     0.003 |
|     ps8_0_axi_periph     |     0.023 |
|       m00_couplers       |     0.006 |
|       m01_couplers       |     0.007 |
|       m02_couplers       |     0.003 |
|       xbar               |     0.006 |
|     rate_match_0         |     0.006 |
|       inst               |     0.006 |
|     rate_recovery_0      |     0.008 |
|       inst               |     0.008 |
|     subblockdeint_0      |     0.018 |
|       inst               |     0.018 |
|     subblockint_0        |     0.006 |
|       inst               |     0.006 |
|     system_ila_0         |     0.327 |
|       inst               |     0.327 |
|     zynq_ultra_ps_e_0    |     2.411 |
|       inst               |     2.411 |
+--------------------------+-----------+


